<?xml version="1.0" encoding="UTF-8"?>
<testng-results ignored="0" total="1" passed="1" failed="0" skipped="0">
  <reporter-output>
  </reporter-output>
  <suite started-at="2026-06-15T12:50:27 IST" name="Default suite" finished-at="2026-06-15T12:50:37 IST" duration-ms="9980">
    <groups>
    </groups>
    <test started-at="2026-06-15T12:50:27 IST" name="Default test" finished-at="2026-06-15T12:50:37 IST" duration-ms="9980">
      <class name="tests.FlightBookingTest">
        <test-method is-config="true" signature="setup()[pri:0, instance:tests.FlightBookingTest@175c2241]" started-at="2026-06-15T12:50:27 IST" name="setup" finished-at="2026-06-15T12:50:29 IST" duration-ms="2076" status="PASS">
          <reporter-output>
          </reporter-output>
        </test-method> <!-- setup -->
        <test-method signature="bookFlight()[pri:0, instance:tests.FlightBookingTest@175c2241]" started-at="2026-06-15T12:50:29 IST" name="bookFlight" finished-at="2026-06-15T12:50:36 IST" duration-ms="7590" status="PASS">
          <reporter-output>
          </reporter-output>
        </test-method> <!-- bookFlight -->
        <test-method is-config="true" signature="tearDown()[pri:0, instance:tests.FlightBookingTest@175c2241]" started-at="2026-06-15T12:50:36 IST" name="tearDown" finished-at="2026-06-15T12:50:37 IST" duration-ms="273" status="PASS">
          <reporter-output>
          </reporter-output>
        </test-method> <!-- tearDown -->
      </class> <!-- tests.FlightBookingTest -->
    </test> <!-- Default test -->
  </suite> <!-- Default suite -->
</testng-results>
